0 info it worked if it ends with ok
1 verbose cli [ 'node', '/usr/bin/npm', 'install', 'composer', '2.*' ]
2 info using npm@1.3.6
3 info using node@v0.10.48
4 verbose cache add [ 'composer', null ]
5 verbose cache add name=undefined spec="composer" args=["composer",null]
6 verbose parsed url { protocol: null,
6 verbose parsed url   slashes: null,
6 verbose parsed url   auth: null,
6 verbose parsed url   host: null,
6 verbose parsed url   port: null,
6 verbose parsed url   hostname: null,
6 verbose parsed url   hash: null,
6 verbose parsed url   search: null,
6 verbose parsed url   query: null,
6 verbose parsed url   pathname: 'composer',
6 verbose parsed url   path: 'composer',
6 verbose parsed url   href: 'composer' }
7 verbose cache add [ '2.*', null ]
8 verbose cache add name=undefined spec="2.*" args=["2.*",null]
9 verbose parsed url { protocol: null,
9 verbose parsed url   slashes: null,
9 verbose parsed url   auth: null,
9 verbose parsed url   host: null,
9 verbose parsed url   port: null,
9 verbose parsed url   hostname: null,
9 verbose parsed url   hash: null,
9 verbose parsed url   search: null,
9 verbose parsed url   query: null,
9 verbose parsed url   pathname: '2.*',
9 verbose parsed url   path: '2.*',
9 verbose parsed url   href: '2.*' }
10 silly lockFile 874ad8df-composer composer
11 verbose lock composer /root/.npm/874ad8df-composer.lock
12 silly lockFile 7fc0bf64-2 2.*
13 verbose lock 2.* /root/.npm/7fc0bf64-2.lock
14 silly lockFile 874ad8df-composer composer
15 silly lockFile 874ad8df-composer composer
16 verbose addNamed [ 'composer', '' ]
17 verbose addNamed [ null, '*' ]
18 silly lockFile 4ad94c20-composer composer@
19 verbose lock composer@ /root/.npm/4ad94c20-composer.lock
20 silly lockFile 7fc0bf64-2 2.*
21 silly lockFile 7fc0bf64-2 2.*
22 verbose addNamed [ '2.*', '' ]
23 verbose addNamed [ null, '*' ]
24 silly lockFile 5c10276d-2 2.*@
25 verbose lock 2.*@ /root/.npm/5c10276d-2.lock
26 silly addNameRange { name: 'composer', range: '*', hasData: false }
27 verbose url raw composer
28 verbose url resolving [ 'https://registry.npmjs.org/', './composer' ]
29 verbose url resolved https://registry.npmjs.org/composer
30 info trying registry request attempt 1 at 15:57:57
31 http GET https://registry.npmjs.org/composer
32 silly addNameRange { name: '2.*', range: '*', hasData: false }
33 verbose url raw 2.*
34 verbose url resolving [ 'https://registry.npmjs.org/', './2.*' ]
35 verbose url resolved https://registry.npmjs.org/2.*
36 info trying registry request attempt 1 at 15:57:57
37 http GET https://registry.npmjs.org/2.*
38 http 404 https://registry.npmjs.org/2.*
39 verbose headers { date: 'Mon, 30 Dec 2019 08:58:19 GMT',
39 verbose headers   'content-type': 'application/json',
39 verbose headers   'content-length': '21',
39 verbose headers   connection: 'keep-alive',
39 verbose headers   'set-cookie': [ '__cfduid=d6d45bf209200696f68d0a361f34f4d821577696298; expires=Wed, 29-Jan-20 08:58:18 GMT; path=/; domain=.npmjs.org; HttpOnly; SameSite=Lax' ],
39 verbose headers   'cf-ray': '54d2cfac7e90cbfc-SIN',
39 verbose headers   vary: 'Accept-Encoding',
39 verbose headers   'cf-cache-status': 'MISS',
39 verbose headers   'expect-ct': 'max-age=604800, report-uri="https://report-uri.cloudflare.com/cdn-cgi/beacon/expect-ct"',
39 verbose headers   server: 'cloudflare' }
40 silly registry.get cb [ 404,
40 silly registry.get   { date: 'Mon, 30 Dec 2019 08:58:19 GMT',
40 silly registry.get     'content-type': 'application/json',
40 silly registry.get     'content-length': '21',
40 silly registry.get     connection: 'keep-alive',
40 silly registry.get     'set-cookie': [ '__cfduid=d6d45bf209200696f68d0a361f34f4d821577696298; expires=Wed, 29-Jan-20 08:58:18 GMT; path=/; domain=.npmjs.org; HttpOnly; SameSite=Lax' ],
40 silly registry.get     'cf-ray': '54d2cfac7e90cbfc-SIN',
40 silly registry.get     vary: 'Accept-Encoding',
40 silly registry.get     'cf-cache-status': 'MISS',
40 silly registry.get     'expect-ct': 'max-age=604800, report-uri="https://report-uri.cloudflare.com/cdn-cgi/beacon/expect-ct"',
40 silly registry.get     server: 'cloudflare' } ]
41 silly lockFile 5c10276d-2 2.*@
42 silly lockFile 5c10276d-2 2.*@
43 error Error: Not found : 2.*
43 error     at RegClient.<anonymous> (/usr/lib/node_modules/npm-registry-client/lib/request.js:274:14)
43 error     at Request._callback (/usr/lib/node_modules/npm-registry-client/lib/request.js:212:65)
43 error     at Request.self.callback (/usr/lib/node_modules/request/index.js:148:22)
43 error     at Request.emit (events.js:98:17)
43 error     at Request.<anonymous> (/usr/lib/node_modules/request/index.js:891:14)
43 error     at Request.emit (events.js:117:20)
43 error     at IncomingMessage.<anonymous> (/usr/lib/node_modules/request/index.js:842:12)
43 error     at IncomingMessage.emit (events.js:117:20)
43 error     at _stream_readable.js:944:16
43 error     at process._tickCallback (node.js:458:13)
44 error If you need help, you may report this log at:
44 error     <http://github.com/isaacs/npm/issues>
44 error or email it to:
44 error     <npm-@googlegroups.com>
45 error System Linux 2.6.32-754.23.1.el6.x86_64
46 error command "node" "/usr/bin/npm" "install" "composer" "2.*"
47 error cwd /var/NUWAS/nuwas
48 error node -v v0.10.48
49 error npm -v 1.3.6
50 verbose exit [ 1, true ]
